Build started 3.5.2015 20:05:03.
     1>Project "C:\Users\Roni A. Koitermaa\Documents\Visual Studio 2013\Projects\LD32\LD32\LD32.vcxproj" on node 2 (Build target(s)).
     1>ClCompile:
         C:\Program Files (x86)\Microsoft Visual Studio 12.0\VC\bin\CL.exe /c /I"C:\Program Files (x86)\Visual Leak Detector\include" /Zi /nologo /W3 /WX- /sdl /O2 /Oi /Oy- /GL /D _MBCS /Gm- /EHsc /MD /GS /Gy /fp:precise /Zc:wchar_t /Zc:forScope /Fo"Release\\" /Fd"Release\vc120.pdb" /Gd /TP /analyze- /errorReport:prompt Src\Game\AI.cpp Src\Game\Animation.cpp Src\Game\Collision.cpp Src\Game\Game.cpp Src\Game\Load.cpp Src\Game\PCG.cpp Src\Input.cpp Src\Main.cpp Src\Renderer.cpp Src\Window.cpp
         AI.cpp
     1>c:\users\roni a. koitermaa\documents\visual studio 2013\projects\ld32\ld32\src\game\..\Texture.h(31): warning C4018: '<' : signed/unsigned mismatch
     1>c:\users\roni a. koitermaa\documents\visual studio 2013\projects\ld32\ld32\src\game\..\Texture.h(42): warning C4018: '<' : signed/unsigned mismatch
     1>c:\users\roni a. koitermaa\documents\visual studio 2013\projects\ld32\ld32\src\game\Animation.h(23): warning C4018: '<' : signed/unsigned mismatch
     1>c:\users\roni a. koitermaa\documents\visual studio 2013\projects\ld32\ld32\src\game\Object.h(51): warning C4244: '=' : conversion from 'int' to 'float', possible loss of data
     1>c:\users\roni a. koitermaa\documents\visual studio 2013\projects\ld32\ld32\src\game\Object.h(52): warning C4244: '=' : conversion from 'int' to 'float', possible loss of data
     1>c:\users\roni a. koitermaa\documents\visual studio 2013\projects\ld32\ld32\src\game\Object.h(58): warning C4244: '=' : conversion from 'int' to 'float', possible loss of data
     1>c:\users\roni a. koitermaa\documents\visual studio 2013\projects\ld32\ld32\src\game\Object.h(59): warning C4244: '=' : conversion from 'int' to 'float', possible loss of data
     1>c:\users\roni a. koitermaa\documents\visual studio 2013\projects\ld32\ld32\src\game\Object.h(65): warning C4244: '=' : conversion from 'int' to 'float', possible loss of data
     1>c:\users\roni a. koitermaa\documents\visual studio 2013\projects\ld32\ld32\src\game\Object.h(66): warning C4244: '=' : conversion from 'int' to 'float', possible loss of data
     1>c:\users\roni a. koitermaa\documents\visual studio 2013\projects\ld32\ld32\src\game\Object.h(105): warning C4244: 'initializing' : conversion from 'int' to 'float', possible loss of data
     1>c:\users\roni a. koitermaa\documents\visual studio 2013\projects\ld32\ld32\src\game\Object.h(106): warning C4244: 'initializing' : conversion from 'int' to 'float', possible loss of data
     1>c:\users\roni a. koitermaa\documents\visual studio 2013\projects\ld32\ld32\src\Game\Game.h(101): warning C4305: '=' : truncation from 'double' to 'float'
     1>Src\Game\AI.cpp(187): warning C4244: '+=' : conversion from 'double' to 'float', possible loss of data
     1>Src\Game\AI.cpp(216): warning C4244: '+=' : conversion from 'double' to 'float', possible loss of data
     1>Src\Game\AI.cpp(277): warning C4244: '+=' : conversion from 'double' to 'float', possible loss of data
     1>Src\Game\AI.cpp(280): warning C4244: '-=' : conversion from 'double' to 'float', possible loss of data
     1>Src\Game\AI.cpp(283): warning C4244: '+=' : conversion from 'double' to 'float', possible loss of data
     1>Src\Game\AI.cpp(286): warning C4244: '-=' : conversion from 'double' to 'float', possible loss of data
         Animation.cpp
     1>c:\users\roni a. koitermaa\documents\visual studio 2013\projects\ld32\ld32\src\game\..\Texture.h(31): warning C4018: '<' : signed/unsigned mismatch
     1>c:\users\roni a. koitermaa\documents\visual studio 2013\projects\ld32\ld32\src\game\..\Texture.h(42): warning C4018: '<' : signed/unsigned mismatch
     1>c:\users\roni a. koitermaa\documents\visual studio 2013\projects\ld32\ld32\src\game\Animation.h(23): warning C4018: '<' : signed/unsigned mismatch
     1>c:\users\roni a. koitermaa\documents\visual studio 2013\projects\ld32\ld32\src\game\Object.h(51): warning C4244: '=' : conversion from 'int' to 'float', possible loss of data
     1>c:\users\roni a. koitermaa\documents\visual studio 2013\projects\ld32\ld32\src\game\Object.h(52): warning C4244: '=' : conversion from 'int' to 'float', possible loss of data
     1>c:\users\roni a. koitermaa\documents\visual studio 2013\projects\ld32\ld32\src\game\Object.h(58): warning C4244: '=' : conversion from 'int' to 'float', possible loss of data
     1>c:\users\roni a. koitermaa\documents\visual studio 2013\projects\ld32\ld32\src\game\Object.h(59): warning C4244: '=' : conversion from 'int' to 'float', possible loss of data
     1>c:\users\roni a. koitermaa\documents\visual studio 2013\projects\ld32\ld32\src\game\Object.h(65): warning C4244: '=' : conversion from 'int' to 'float', possible loss of data
     1>c:\users\roni a. koitermaa\documents\visual studio 2013\projects\ld32\ld32\src\game\Object.h(66): warning C4244: '=' : conversion from 'int' to 'float', possible loss of data
     1>c:\users\roni a. koitermaa\documents\visual studio 2013\projects\ld32\ld32\src\game\Object.h(105): warning C4244: 'initializing' : conversion from 'int' to 'float', possible loss of data
     1>c:\users\roni a. koitermaa\documents\visual studio 2013\projects\ld32\ld32\src\game\Object.h(106): warning C4244: 'initializing' : conversion from 'int' to 'float', possible loss of data
     1>c:\users\roni a. koitermaa\documents\visual studio 2013\projects\ld32\ld32\src\Game\Game.h(101): warning C4305: '=' : truncation from 'double' to 'float'
     1>Src\Game\Animation.cpp(5): warning C4244: 'initializing' : conversion from 'int' to 'float', possible loss of data
     1>Src\Game\Animation.cpp(5): warning C4244: 'initializing' : conversion from 'double' to 'float', possible loss of data
     1>Src\Game\Animation.cpp(10): warning C4018: '>=' : signed/unsigned mismatch
         Collision.cpp
     1>c:\users\roni a. koitermaa\documents\visual studio 2013\projects\ld32\ld32\src\game\..\Texture.h(31): warning C4018: '<' : signed/unsigned mismatch
     1>c:\users\roni a. koitermaa\documents\visual studio 2013\projects\ld32\ld32\src\game\..\Texture.h(42): warning C4018: '<' : signed/unsigned mismatch
     1>c:\users\roni a. koitermaa\documents\visual studio 2013\projects\ld32\ld32\src\game\Animation.h(23): warning C4018: '<' : signed/unsigned mismatch
     1>c:\users\roni a. koitermaa\documents\visual studio 2013\projects\ld32\ld32\src\game\Object.h(51): warning C4244: '=' : conversion from 'int' to 'float', possible loss of data
     1>c:\users\roni a. koitermaa\documents\visual studio 2013\projects\ld32\ld32\src\game\Object.h(52): warning C4244: '=' : conversion from 'int' to 'float', possible loss of data
     1>c:\users\roni a. koitermaa\documents\visual studio 2013\projects\ld32\ld32\src\game\Object.h(58): warning C4244: '=' : conversion from 'int' to 'float', possible loss of data
     1>c:\users\roni a. koitermaa\documents\visual studio 2013\projects\ld32\ld32\src\game\Object.h(59): warning C4244: '=' : conversion from 'int' to 'float', possible loss of data
     1>c:\users\roni a. koitermaa\documents\visual studio 2013\projects\ld32\ld32\src\game\Object.h(65): warning C4244: '=' : conversion from 'int' to 'float', possible loss of data
     1>c:\users\roni a. koitermaa\documents\visual studio 2013\projects\ld32\ld32\src\game\Object.h(66): warning C4244: '=' : conversion from 'int' to 'float', possible loss of data
     1>c:\users\roni a. koitermaa\documents\visual studio 2013\projects\ld32\ld32\src\game\Object.h(105): warning C4244: 'initializing' : conversion from 'int' to 'float', possible loss of data
     1>c:\users\roni a. koitermaa\documents\visual studio 2013\projects\ld32\ld32\src\game\Object.h(106): warning C4244: 'initializing' : conversion from 'int' to 'float', possible loss of data
     1>c:\users\roni a. koitermaa\documents\visual studio 2013\projects\ld32\ld32\src\Game\Game.h(101): warning C4305: '=' : truncation from 'double' to 'float'
     1>Src\Game\Collision.cpp(38): warning C4244: 'initializing' : conversion from 'float' to 'int', possible loss of data
     1>Src\Game\Collision.cpp(38): warning C4244: 'initializing' : conversion from 'double' to 'int', possible loss of data
     1>Src\Game\Collision.cpp(39): warning C4244: '-=' : conversion from 'double' to 'float', possible loss of data
     1>Src\Game\Collision.cpp(45): warning C4244: 'initializing' : conversion from 'float' to 'int', possible loss of data
     1>Src\Game\Collision.cpp(45): warning C4244: 'initializing' : conversion from 'double' to 'int', possible loss of data
     1>Src\Game\Collision.cpp(46): warning C4244: '-=' : conversion from 'double' to 'float', possible loss of data
     1>Src\Game\Collision.cpp(53): warning C4244: 'initializing' : conversion from 'float' to 'int', possible loss of data
     1>Src\Game\Collision.cpp(54): warning C4244: '-=' : conversion from 'double' to 'float', possible loss of data
     1>Src\Game\Collision.cpp(61): warning C4244: 'initializing' : conversion from 'float' to 'int', possible loss of data
     1>Src\Game\Collision.cpp(62): warning C4244: '-=' : conversion from 'double' to 'float', possible loss of data
     1>Src\Game\Collision.cpp(69): warning C4244: 'initializing' : conversion from 'float' to 'int', possible loss of data
     1>Src\Game\Collision.cpp(70): warning C4244: '-=' : conversion from 'double' to 'float', possible loss of data
     1>Src\Game\Collision.cpp(77): warning C4244: 'initializing' : conversion from 'float' to 'int', possible loss of data
     1>Src\Game\Collision.cpp(78): warning C4244: '-=' : conversion from 'double' to 'float', possible loss of data
     1>Src\Game\Collision.cpp(88): warning C4244: 'argument' : conversion from 'float' to 'int', possible loss of data
     1>Src\Game\Collision.cpp(94): warning C4244: 'argument' : conversion from 'float' to 'int', possible loss of data
     1>Src\Game\Collision.cpp(95): warning C4244: 'argument' : conversion from 'float' to 'int', possible loss of data
     1>Src\Game\Collision.cpp(96): warning C4244: 'argument' : conversion from 'float' to 'int', possible loss of data
     1>Src\Game\Collision.cpp(97): warning C4244: 'argument' : conversion from 'float' to 'int', possible loss of data
     1>Src\Game\Collision.cpp(103): warning C4244: 'argument' : conversion from 'float' to 'int', possible loss of data
     1>Src\Game\Collision.cpp(104): warning C4244: 'argument' : conversion from 'float' to 'int', possible loss of data
     1>Src\Game\Collision.cpp(105): warning C4244: 'argument' : conversion from 'float' to 'int', possible loss of data
     1>Src\Game\Collision.cpp(106): warning C4244: 'argument' : conversion from 'float' to 'int', possible loss of data
     1>Src\Game\Collision.cpp(107): warning C4244: 'argument' : conversion from 'float' to 'int', possible loss of data
     1>Src\Game\Collision.cpp(113): warning C4244: 'argument' : conversion from 'float' to 'int', possible loss of data
     1>Src\Game\Collision.cpp(117): warning C4018: '<' : signed/unsigned mismatch
     1>Src\Game\Collision.cpp(118): warning C4244: 'initializing' : conversion from 'float' to 'int', possible loss of data
     1>Src\Game\Collision.cpp(118): warning C4244: 'initializing' : conversion from 'double' to 'int', possible loss of data
     1>Src\Game\Collision.cpp(124): warning C4018: '<' : signed/unsigned mismatch
     1>Src\Game\Collision.cpp(125): warning C4244: 'initializing' : conversion from 'float' to 'int', possible loss of data
     1>Src\Game\Collision.cpp(125): warning C4244: 'initializing' : conversion from 'double' to 'int', possible loss of data
     1>Src\Game\Collision.cpp(131): warning C4018: '<' : signed/unsigned mismatch
     1>Src\Game\Collision.cpp(133): warning C4244: 'initializing' : conversion from 'float' to 'int', possible loss of data
     1>Src\Game\Collision.cpp(133): warning C4244: 'initializing' : conversion from 'double' to 'int', possible loss of data
     1>Src\Game\Collision.cpp(140): warning C4244: 'initializing' : conversion from 'double' to 'int', possible loss of data
     1>Src\Game\Collision.cpp(140): warning C4244: 'initializing' : conversion from 'float' to 'int', possible loss of data
         Game.cpp
     1>c:\users\roni a. koitermaa\documents\visual studio 2013\projects\ld32\ld32\src\game\..\Texture.h(31): warning C4018: '<' : signed/unsigned mismatch
     1>c:\users\roni a. koitermaa\documents\visual studio 2013\projects\ld32\ld32\src\game\..\Texture.h(42): warning C4018: '<' : signed/unsigned mismatch
     1>c:\users\roni a. koitermaa\documents\visual studio 2013\projects\ld32\ld32\src\game\Animation.h(23): warning C4018: '<' : signed/unsigned mismatch
     1>c:\users\roni a. koitermaa\documents\visual studio 2013\projects\ld32\ld32\src\game\Object.h(51): warning C4244: '=' : conversion from 'int' to 'float', possible loss of data
     1>c:\users\roni a. koitermaa\documents\visual studio 2013\projects\ld32\ld32\src\game\Object.h(52): warning C4244: '=' : conversion from 'int' to 'float', possible loss of data
     1>c:\users\roni a. koitermaa\documents\visual studio 2013\projects\ld32\ld32\src\game\Object.h(58): warning C4244: '=' : conversion from 'int' to 'float', possible loss of data
     1>c:\users\roni a. koitermaa\documents\visual studio 2013\projects\ld32\ld32\src\game\Object.h(59): warning C4244: '=' : conversion from 'int' to 'float', possible loss of data
     1>c:\users\roni a. koitermaa\documents\visual studio 2013\projects\ld32\ld32\src\game\Object.h(65): warning C4244: '=' : conversion from 'int' to 'float', possible loss of data
     1>c:\users\roni a. koitermaa\documents\visual studio 2013\projects\ld32\ld32\src\game\Object.h(66): warning C4244: '=' : conversion from 'int' to 'float', possible loss of data
     1>c:\users\roni a. koitermaa\documents\visual studio 2013\projects\ld32\ld32\src\game\Object.h(105): warning C4244: 'initializing' : conversion from 'int' to 'float', possible loss of data
     1>c:\users\roni a. koitermaa\documents\visual studio 2013\projects\ld32\ld32\src\game\Object.h(106): warning C4244: 'initializing' : conversion from 'int' to 'float', possible loss of data
     1>c:\users\roni a. koitermaa\documents\visual studio 2013\projects\ld32\ld32\src\Game\Game.h(101): warning C4305: '=' : truncation from 'double' to 'float'
     1>Src\Game\Game.cpp(58): warning C4244: '=' : conversion from 'double' to 'float', possible loss of data
     1>Src\Game\Game.cpp(84): warning C4018: '<' : signed/unsigned mismatch
     1>Src\Game\Game.cpp(88): warning C4018: '<' : signed/unsigned mismatch
     1>Src\Game\Game.cpp(92): warning C4018: '<' : signed/unsigned mismatch
     1>Src\Game\Game.cpp(130): warning C4305: '+=' : truncation from 'double' to 'float'
     1>Src\Game\Game.cpp(132): warning C4305: '-=' : truncation from 'double' to 'float'
     1>Src\Game\Game.cpp(143): warning C4305: '-=' : truncation from 'double' to 'float'
     1>Src\Game\Game.cpp(154): warning C4244: '=' : conversion from 'double' to 'float', possible loss of data
     1>Src\Game\Game.cpp(191): warning C4018: '<' : signed/unsigned mismatch
     1>Src\Game\Game.cpp(196): warning C4018: '<' : signed/unsigned mismatch
     1>Src\Game\Game.cpp(201): warning C4018: '<' : signed/unsigned mismatch
     1>Src\Game\Game.cpp(223): warning C4018: '<' : signed/unsigned mismatch
     1>Src\Game\Game.cpp(224): warning C4018: '<' : signed/unsigned mismatch
     1>Src\Game\Game.cpp(241): warning C4244: '+=' : conversion from 'double' to 'float', possible loss of data
     1>Src\Game\Game.cpp(270): warning C4244: '=' : conversion from 'double' to 'float', possible loss of data
     1>Src\Game\Game.cpp(285): warning C4244: '*=' : conversion from 'double' to 'int', possible loss of data
         Load.cpp
     1>c:\users\roni a. koitermaa\documents\visual studio 2013\projects\ld32\ld32\src\game\..\Texture.h(31): warning C4018: '<' : signed/unsigned mismatch
     1>c:\users\roni a. koitermaa\documents\visual studio 2013\projects\ld32\ld32\src\game\..\Texture.h(42): warning C4018: '<' : signed/unsigned mismatch
     1>c:\users\roni a. koitermaa\documents\visual studio 2013\projects\ld32\ld32\src\game\Animation.h(23): warning C4018: '<' : signed/unsigned mismatch
     1>c:\users\roni a. koitermaa\documents\visual studio 2013\projects\ld32\ld32\src\game\Object.h(51): warning C4244: '=' : conversion from 'int' to 'float', possible loss of data
     1>c:\users\roni a. koitermaa\documents\visual studio 2013\projects\ld32\ld32\src\game\Object.h(52): warning C4244: '=' : conversion from 'int' to 'float', possible loss of data
     1>c:\users\roni a. koitermaa\documents\visual studio 2013\projects\ld32\ld32\src\game\Object.h(58): warning C4244: '=' : conversion from 'int' to 'float', possible loss of data
     1>c:\users\roni a. koitermaa\documents\visual studio 2013\projects\ld32\ld32\src\game\Object.h(59): warning C4244: '=' : conversion from 'int' to 'float', possible loss of data
     1>c:\users\roni a. koitermaa\documents\visual studio 2013\projects\ld32\ld32\src\game\Object.h(65): warning C4244: '=' : conversion from 'int' to 'float', possible loss of data
     1>c:\users\roni a. koitermaa\documents\visual studio 2013\projects\ld32\ld32\src\game\Object.h(66): warning C4244: '=' : conversion from 'int' to 'float', possible loss of data
     1>c:\users\roni a. koitermaa\documents\visual studio 2013\projects\ld32\ld32\src\game\Object.h(105): warning C4244: 'initializing' : conversion from 'int' to 'float', possible loss of data
     1>c:\users\roni a. koitermaa\documents\visual studio 2013\projects\ld32\ld32\src\game\Object.h(106): warning C4244: 'initializing' : conversion from 'int' to 'float', possible loss of data
     1>c:\users\roni a. koitermaa\documents\visual studio 2013\projects\ld32\ld32\src\Game\Game.h(101): warning C4305: '=' : truncation from 'double' to 'float'
     1>Src\Game\Load.cpp(10): warning C4244: 'initializing' : conversion from 'int' to 'float', possible loss of data
     1>Src\Game\Load.cpp(17): warning C4018: '<' : signed/unsigned mismatch
     1>Src\Game\Load.cpp(18): warning C4244: '=' : conversion from 'int' to 'float', possible loss of data
     1>Src\Game\Load.cpp(19): warning C4244: '=' : conversion from 'int' to 'float', possible loss of data
     1>Src\Game\Load.cpp(23): warning C4018: '<' : signed/unsigned mismatch
     1>Src\Game\Load.cpp(24): warning C4244: '=' : conversion from 'int' to 'float', possible loss of data
     1>Src\Game\Load.cpp(25): warning C4244: '=' : conversion from 'int' to 'float', possible loss of data
     1>Src\Game\Load.cpp(36): warning C4018: '<' : signed/unsigned mismatch
     1>Src\Game\Load.cpp(37): warning C4244: '=' : conversion from 'int' to 'float', possible loss of data
     1>Src\Game\Load.cpp(38): warning C4244: '=' : conversion from 'int' to 'float', possible loss of data
     1>Src\Game\Load.cpp(42): warning C4018: '<' : signed/unsigned mismatch
     1>Src\Game\Load.cpp(43): warning C4244: '=' : conversion from 'int' to 'float', possible loss of data
     1>Src\Game\Load.cpp(44): warning C4244: '=' : conversion from 'int' to 'float', possible loss of data
         PCG.cpp
     1>c:\users\roni a. koitermaa\documents\visual studio 2013\projects\ld32\ld32\src\game\..\Texture.h(31): warning C4018: '<' : signed/unsigned mismatch
     1>c:\users\roni a. koitermaa\documents\visual studio 2013\projects\ld32\ld32\src\game\..\Texture.h(42): warning C4018: '<' : signed/unsigned mismatch
     1>c:\users\roni a. koitermaa\documents\visual studio 2013\projects\ld32\ld32\src\game\Animation.h(23): warning C4018: '<' : signed/unsigned mismatch
     1>c:\users\roni a. koitermaa\documents\visual studio 2013\projects\ld32\ld32\src\game\Object.h(51): warning C4244: '=' : conversion from 'int' to 'float', possible loss of data
     1>c:\users\roni a. koitermaa\documents\visual studio 2013\projects\ld32\ld32\src\game\Object.h(52): warning C4244: '=' : conversion from 'int' to 'float', possible loss of data
     1>c:\users\roni a. koitermaa\documents\visual studio 2013\projects\ld32\ld32\src\game\Object.h(58): warning C4244: '=' : conversion from 'int' to 'float', possible loss of data
     1>c:\users\roni a. koitermaa\documents\visual studio 2013\projects\ld32\ld32\src\game\Object.h(59): warning C4244: '=' : conversion from 'int' to 'float', possible loss of data
     1>c:\users\roni a. koitermaa\documents\visual studio 2013\projects\ld32\ld32\src\game\Object.h(65): warning C4244: '=' : conversion from 'int' to 'float', possible loss of data
     1>c:\users\roni a. koitermaa\documents\visual studio 2013\projects\ld32\ld32\src\game\Object.h(66): warning C4244: '=' : conversion from 'int' to 'float', possible loss of data
     1>c:\users\roni a. koitermaa\documents\visual studio 2013\projects\ld32\ld32\src\game\Object.h(105): warning C4244: 'initializing' : conversion from 'int' to 'float', possible loss of data
     1>c:\users\roni a. koitermaa\documents\visual studio 2013\projects\ld32\ld32\src\game\Object.h(106): warning C4244: 'initializing' : conversion from 'int' to 'float', possible loss of data
     1>c:\users\roni a. koitermaa\documents\visual studio 2013\projects\ld32\ld32\src\Game\Game.h(101): warning C4305: '=' : truncation from 'double' to 'float'
     1>Src\Game\PCG.cpp(57): warning C4244: 'initializing' : conversion from 'int' to 'float', possible loss of data
     1>Src\Game\PCG.cpp(65): warning C4244: '=' : conversion from 'int' to 'float', possible loss of data
     1>Src\Game\PCG.cpp(66): warning C4244: '=' : conversion from 'int' to 'float', possible loss of data
     1>Src\Game\PCG.cpp(81): warning C4018: '<' : signed/unsigned mismatch
     1>Src\Game\PCG.cpp(106): warning C4018: '<' : signed/unsigned mismatch
     1>Src\Game\PCG.cpp(143): warning C4018: '<' : signed/unsigned mismatch
     1>Src\Game\PCG.cpp(146): warning C4244: 'initializing' : conversion from 'float' to 'int', possible loss of data
     1>Src\Game\PCG.cpp(151): warning C4018: '<' : signed/unsigned mismatch
     1>Src\Game\PCG.cpp(154): warning C4018: '<' : signed/unsigned mismatch
     1>Src\Game\PCG.cpp(156): warning C4244: 'initializing' : conversion from 'float' to 'int', possible loss of data
     1>Src\Game\PCG.cpp(161): warning C4018: '<' : signed/unsigned mismatch
     1>Src\Game\PCG.cpp(196): warning C4244: 'argument' : conversion from 'float' to 'int', possible loss of data
     1>Src\Game\PCG.cpp(198): warning C4244: 'argument' : conversion from 'float' to 'int', possible loss of data
     1>Src\Game\PCG.cpp(211): warning C4244: 'argument' : conversion from 'float' to 'int', possible loss of data
     1>Src\Game\PCG.cpp(213): warning C4244: 'argument' : conversion from 'float' to 'int', possible loss of data
         Input.cpp
     1>c:\users\roni a. koitermaa\documents\visual studio 2013\projects\ld32\ld32\src\game\..\Texture.h(31): warning C4018: '<' : signed/unsigned mismatch
     1>c:\users\roni a. koitermaa\documents\visual studio 2013\projects\ld32\ld32\src\game\..\Texture.h(42): warning C4018: '<' : signed/unsigned mismatch
     1>c:\users\roni a. koitermaa\documents\visual studio 2013\projects\ld32\ld32\src\game\Animation.h(23): warning C4018: '<' : signed/unsigned mismatch
     1>c:\users\roni a. koitermaa\documents\visual studio 2013\projects\ld32\ld32\src\game\Object.h(51): warning C4244: '=' : conversion from 'int' to 'float', possible loss of data
     1>c:\users\roni a. koitermaa\documents\visual studio 2013\projects\ld32\ld32\src\game\Object.h(52): warning C4244: '=' : conversion from 'int' to 'float', possible loss of data
     1>c:\users\roni a. koitermaa\documents\visual studio 2013\projects\ld32\ld32\src\game\Object.h(58): warning C4244: '=' : conversion from 'int' to 'float', possible loss of data
     1>c:\users\roni a. koitermaa\documents\visual studio 2013\projects\ld32\ld32\src\game\Object.h(59): warning C4244: '=' : conversion from 'int' to 'float', possible loss of data
     1>c:\users\roni a. koitermaa\documents\visual studio 2013\projects\ld32\ld32\src\game\Object.h(65): warning C4244: '=' : conversion from 'int' to 'float', possible loss of data
     1>c:\users\roni a. koitermaa\documents\visual studio 2013\projects\ld32\ld32\src\game\Object.h(66): warning C4244: '=' : conversion from 'int' to 'float', possible loss of data
     1>c:\users\roni a. koitermaa\documents\visual studio 2013\projects\ld32\ld32\src\game\Object.h(105): warning C4244: 'initializing' : conversion from 'int' to 'float', possible loss of data
     1>c:\users\roni a. koitermaa\documents\visual studio 2013\projects\ld32\ld32\src\game\Object.h(106): warning C4244: 'initializing' : conversion from 'int' to 'float', possible loss of data
     1>c:\users\roni a. koitermaa\documents\visual studio 2013\projects\ld32\ld32\src\Game\Game.h(101): warning C4305: '=' : truncation from 'double' to 'float'
     1>Src\Input.cpp(8): warning C4244: '/=' : conversion from 'float' to 'int', possible loss of data
     1>Src\Input.cpp(9): warning C4244: '/=' : conversion from 'float' to 'int', possible loss of data
         Main.cpp
     1>c:\users\roni a. koitermaa\documents\visual studio 2013\projects\ld32\ld32\src\game\..\Texture.h(31): warning C4018: '<' : signed/unsigned mismatch
     1>c:\users\roni a. koitermaa\documents\visual studio 2013\projects\ld32\ld32\src\game\..\Texture.h(42): warning C4018: '<' : signed/unsigned mismatch
     1>c:\users\roni a. koitermaa\documents\visual studio 2013\projects\ld32\ld32\src\game\Animation.h(23): warning C4018: '<' : signed/unsigned mismatch
     1>c:\users\roni a. koitermaa\documents\visual studio 2013\projects\ld32\ld32\src\game\Object.h(51): warning C4244: '=' : conversion from 'int' to 'float', possible loss of data
     1>c:\users\roni a. koitermaa\documents\visual studio 2013\projects\ld32\ld32\src\game\Object.h(52): warning C4244: '=' : conversion from 'int' to 'float', possible loss of data
     1>c:\users\roni a. koitermaa\documents\visual studio 2013\projects\ld32\ld32\src\game\Object.h(58): warning C4244: '=' : conversion from 'int' to 'float', possible loss of data
     1>c:\users\roni a. koitermaa\documents\visual studio 2013\projects\ld32\ld32\src\game\Object.h(59): warning C4244: '=' : conversion from 'int' to 'float', possible loss of data
     1>c:\users\roni a. koitermaa\documents\visual studio 2013\projects\ld32\ld32\src\game\Object.h(65): warning C4244: '=' : conversion from 'int' to 'float', possible loss of data
     1>c:\users\roni a. koitermaa\documents\visual studio 2013\projects\ld32\ld32\src\game\Object.h(66): warning C4244: '=' : conversion from 'int' to 'float', possible loss of data
     1>c:\users\roni a. koitermaa\documents\visual studio 2013\projects\ld32\ld32\src\game\Object.h(105): warning C4244: 'initializing' : conversion from 'int' to 'float', possible loss of data
     1>c:\users\roni a. koitermaa\documents\visual studio 2013\projects\ld32\ld32\src\game\Object.h(106): warning C4244: 'initializing' : conversion from 'int' to 'float', possible loss of data
     1>c:\users\roni a. koitermaa\documents\visual studio 2013\projects\ld32\ld32\src\Game\Game.h(101): warning C4305: '=' : truncation from 'double' to 'float'
         Renderer.cpp
     1>c:\users\roni a. koitermaa\documents\visual studio 2013\projects\ld32\ld32\src\game\..\Texture.h(31): warning C4018: '<' : signed/unsigned mismatch
     1>c:\users\roni a. koitermaa\documents\visual studio 2013\projects\ld32\ld32\src\game\..\Texture.h(42): warning C4018: '<' : signed/unsigned mismatch
     1>c:\users\roni a. koitermaa\documents\visual studio 2013\projects\ld32\ld32\src\game\Animation.h(23): warning C4018: '<' : signed/unsigned mismatch
     1>c:\users\roni a. koitermaa\documents\visual studio 2013\projects\ld32\ld32\src\game\Object.h(51): warning C4244: '=' : conversion from 'int' to 'float', possible loss of data
     1>c:\users\roni a. koitermaa\documents\visual studio 2013\projects\ld32\ld32\src\game\Object.h(52): warning C4244: '=' : conversion from 'int' to 'float', possible loss of data
     1>c:\users\roni a. koitermaa\documents\visual studio 2013\projects\ld32\ld32\src\game\Object.h(58): warning C4244: '=' : conversion from 'int' to 'float', possible loss of data
     1>c:\users\roni a. koitermaa\documents\visual studio 2013\projects\ld32\ld32\src\game\Object.h(59): warning C4244: '=' : conversion from 'int' to 'float', possible loss of data
     1>c:\users\roni a. koitermaa\documents\visual studio 2013\projects\ld32\ld32\src\game\Object.h(65): warning C4244: '=' : conversion from 'int' to 'float', possible loss of data
     1>c:\users\roni a. koitermaa\documents\visual studio 2013\projects\ld32\ld32\src\game\Object.h(66): warning C4244: '=' : conversion from 'int' to 'float', possible loss of data
     1>c:\users\roni a. koitermaa\documents\visual studio 2013\projects\ld32\ld32\src\game\Object.h(105): warning C4244: 'initializing' : conversion from 'int' to 'float', possible loss of data
     1>c:\users\roni a. koitermaa\documents\visual studio 2013\projects\ld32\ld32\src\game\Object.h(106): warning C4244: 'initializing' : conversion from 'int' to 'float', possible loss of data
     1>c:\users\roni a. koitermaa\documents\visual studio 2013\projects\ld32\ld32\src\Game\Game.h(101): warning C4305: '=' : truncation from 'double' to 'float'
     1>Src\Renderer.cpp(10): warning C4244: 'initializing' : conversion from 'double' to 'float', possible loss of data
     1>Src\Renderer.cpp(11): warning C4244: 'initializing' : conversion from 'double' to 'float', possible loss of data
     1>Src\Renderer.cpp(15): warning C4244: 'initializing' : conversion from 'double' to 'int', possible loss of data
     1>Src\Renderer.cpp(16): warning C4244: 'initializing' : conversion from 'double' to 'int', possible loss of data
     1>Src\Renderer.cpp(29): warning C4244: 'initializing' : conversion from 'int' to 'float', possible loss of data
     1>Src\Renderer.cpp(34): warning C4018: '<' : signed/unsigned mismatch
     1>Src\Renderer.cpp(36): warning C4244: 'initializing' : conversion from 'int' to 'float', possible loss of data
     1>Src\Renderer.cpp(43): warning C4244: 'initializing' : conversion from 'int' to 'float', possible loss of data
     1>Src\Renderer.cpp(53): warning C4244: 'argument' : conversion from 'double' to 'float', possible loss of data
     1>Src\Renderer.cpp(54): warning C4244: 'argument' : conversion from 'double' to 'float', possible loss of data
     1>Src\Renderer.cpp(74): warning C4305: 'argument' : truncation from 'double' to 'float'
     1>Src\Renderer.cpp(75): warning C4305: 'argument' : truncation from 'double' to 'float'
     1>Src\Renderer.cpp(77): warning C4305: 'argument' : truncation from 'double' to 'float'
     1>Src\Renderer.cpp(78): warning C4305: 'argument' : truncation from 'double' to 'float'
     1>Src\Renderer.cpp(81): warning C4244: 'initializing' : conversion from 'int' to 'float', possible loss of data
     1>Src\Renderer.cpp(84): warning C4244: 'initializing' : conversion from 'int' to 'float', possible loss of data
     1>Src\Renderer.cpp(87): warning C4244: 'initializing' : conversion from 'int' to 'float', possible loss of data
     1>Src\Renderer.cpp(90): warning C4244: 'initializing' : conversion from 'int' to 'float', possible loss of data
     1>Src\Renderer.cpp(145): warning C4305: 'argument' : truncation from 'double' to 'float'
     1>Src\Renderer.cpp(146): warning C4305: 'argument' : truncation from 'double' to 'float'
     1>Src\Renderer.cpp(147): warning C4305: 'argument' : truncation from 'double' to 'float'
     1>Src\Renderer.cpp(159): warning C4305: 'argument' : truncation from 'double' to 'float'
     1>Src\Renderer.cpp(171): warning C4244: 'argument' : conversion from 'double' to 'int', possible loss of data
     1>Src\Renderer.cpp(174): warning C4244: 'argument' : conversion from 'double' to 'int', possible loss of data
     1>Src\Renderer.cpp(179): warning C4244: 'initializing' : conversion from 'double' to 'float', possible loss of data
     1>Src\Renderer.cpp(179): warning C4244: 'initializing' : conversion from 'int' to 'float', possible loss of data
     1>Src\Renderer.cpp(182): warning C4244: 'initializing' : conversion from 'double' to 'float', possible loss of data
     1>Src\Renderer.cpp(182): warning C4244: 'initializing' : conversion from 'int' to 'float', possible loss of data
     1>Src\Renderer.cpp(216): warning C4244: 'initializing' : conversion from 'int' to 'float', possible loss of data
     1>Src\Renderer.cpp(216): warning C4244: 'argument' : conversion from 'double' to 'float', possible loss of data
     1>Src\Renderer.cpp(222): warning C4018: '<' : signed/unsigned mismatch
     1>Src\Renderer.cpp(225): warning C4244: 'initializing' : conversion from 'int' to 'float', possible loss of data
     1>Src\Renderer.cpp(228): warning C4018: '<' : signed/unsigned mismatch
     1>Src\Renderer.cpp(231): warning C4244: 'initializing' : conversion from 'int' to 'float', possible loss of data
     1>Src\Renderer.cpp(234): warning C4018: '<' : signed/unsigned mismatch
     1>Src\Renderer.cpp(237): warning C4244: 'initializing' : conversion from 'int' to 'float', possible loss of data
     1>Src\Renderer.cpp(246): warning C4244: 'argument' : conversion from 'float' to 'int', possible loss of data
     1>Src\Renderer.cpp(249): warning C4244: 'initializing' : conversion from 'int' to 'float', possible loss of data
     1>Src\Renderer.cpp(251): warning C4244: 'argument' : conversion from 'float' to 'int', possible loss of data
     1>Src\Renderer.cpp(256): warning C4244: 'argument' : conversion from 'float' to 'int', possible loss of data
     1>Src\Renderer.cpp(269): warning C4244: '+=' : conversion from 'double' to 'float', possible loss of data
     1>Src\Renderer.cpp(271): warning C4018: '<' : signed/unsigned mismatch
     1>Src\Renderer.cpp(277): warning C4018: '<' : signed/unsigned mismatch
     1>Src\Renderer.cpp(278): warning C4244: 'initializing' : conversion from 'int' to 'float', possible loss of data
     1>Src\Renderer.cpp(291): warning C4305: 'argument' : truncation from 'double' to 'float'
     1>Src\Renderer.cpp(291): warning C4244: 'argument' : conversion from 'float' to 'int', possible loss of data
     1>Src\Renderer.cpp(295): warning C4305: 'argument' : truncation from 'double' to 'float'
     1>Src\Renderer.cpp(295): warning C4244: 'argument' : conversion from 'float' to 'int', possible loss of data
     1>Src\Renderer.cpp(302): warning C4244: 'argument' : conversion from 'float' to 'int', possible loss of data
     1>Src\Renderer.cpp(305): warning C4244: 'initializing' : conversion from 'int' to 'float', possible loss of data
     1>Src\Renderer.cpp(311): warning C4244: 'argument' : conversion from 'float' to 'int', possible loss of data
     1>Src\Renderer.cpp(314): warning C4244: 'initializing' : conversion from 'int' to 'float', possible loss of data
     1>Src\Renderer.cpp(320): warning C4244: 'argument' : conversion from 'float' to 'int', possible loss of data
     1>Src\Renderer.cpp(323): warning C4244: 'initializing' : conversion from 'int' to 'float', possible loss of data
     1>Src\Renderer.cpp(337): warning C4244: 'argument' : conversion from 'float' to 'Uint8', possible loss of data
     1>Src\Renderer.cpp(338): warning C4244: 'argument' : conversion from 'float' to 'Uint8', possible loss of data
     1>Src\Renderer.cpp(358): warning C4244: 'initializing' : conversion from 'float' to 'int', possible loss of data
     1>Src\Renderer.cpp(358): warning C4244: 'initializing' : conversion from 'double' to 'int', possible loss of data
     1>Src\Renderer.cpp(361): warning C4244: 'initializing' : conversion from 'float' to 'int', possible loss of data
     1>Src\Renderer.cpp(361): warning C4244: 'initializing' : conversion from 'double' to 'int', possible loss of data
     1>Src\Renderer.cpp(367): warning C4305: 'argument' : truncation from 'double' to 'float'
         Window.cpp
     1>c:\users\roni a. koitermaa\documents\visual studio 2013\projects\ld32\ld32\src\game\..\Texture.h(31): warning C4018: '<' : signed/unsigned mismatch
     1>c:\users\roni a. koitermaa\documents\visual studio 2013\projects\ld32\ld32\src\game\..\Texture.h(42): warning C4018: '<' : signed/unsigned mismatch
     1>c:\users\roni a. koitermaa\documents\visual studio 2013\projects\ld32\ld32\src\game\Animation.h(23): warning C4018: '<' : signed/unsigned mismatch
     1>c:\users\roni a. koitermaa\documents\visual studio 2013\projects\ld32\ld32\src\game\Object.h(51): warning C4244: '=' : conversion from 'int' to 'float', possible loss of data
     1>c:\users\roni a. koitermaa\documents\visual studio 2013\projects\ld32\ld32\src\game\Object.h(52): warning C4244: '=' : conversion from 'int' to 'float', possible loss of data
     1>c:\users\roni a. koitermaa\documents\visual studio 2013\projects\ld32\ld32\src\game\Object.h(58): warning C4244: '=' : conversion from 'int' to 'float', possible loss of data
     1>c:\users\roni a. koitermaa\documents\visual studio 2013\projects\ld32\ld32\src\game\Object.h(59): warning C4244: '=' : conversion from 'int' to 'float', possible loss of data
     1>c:\users\roni a. koitermaa\documents\visual studio 2013\projects\ld32\ld32\src\game\Object.h(65): warning C4244: '=' : conversion from 'int' to 'float', possible loss of data
     1>c:\users\roni a. koitermaa\documents\visual studio 2013\projects\ld32\ld32\src\game\Object.h(66): warning C4244: '=' : conversion from 'int' to 'float', possible loss of data
     1>c:\users\roni a. koitermaa\documents\visual studio 2013\projects\ld32\ld32\src\game\Object.h(105): warning C4244: 'initializing' : conversion from 'int' to 'float', possible loss of data
     1>c:\users\roni a. koitermaa\documents\visual studio 2013\projects\ld32\ld32\src\game\Object.h(106): warning C4244: 'initializing' : conversion from 'int' to 'float', possible loss of data
     1>c:\users\roni a. koitermaa\documents\visual studio 2013\projects\ld32\ld32\src\Game\Game.h(101): warning C4305: '=' : truncation from 'double' to 'float'
       Link:
         C:\Program Files (x86)\Microsoft Visual Studio 12.0\VC\bin\link.exe /ERRORREPORT:PROMPT /OUT:"C:\Users\Roni A. Koitermaa\Documents\Visual Studio 2013\Projects\LD32\Release\LD32.exe" /NOLOGO /LIBPATH:"C:\Program Files (x86)\Visual Leak Detector\lib\Win32" kernel32.lib user32.lib gdi32.lib winspool.lib comdlg32.lib advapi32.lib shell32.lib ole32.lib oleaut32.lib uuid.lib odbc32.lib odbccp32.lib /MANIFEST /MANIFESTUAC:"level='asInvoker' uiAccess='false'" /manifest:embed /DEBUG /PDB:"C:\Users\Roni A. Koitermaa\Documents\Visual Studio 2013\Projects\LD32\Release\LD32.pdb" /SUBSYSTEM:WINDOWS /OPT:REF /OPT:ICF /LTCG /TLBID:1 /DYNAMICBASE /NXCOMPAT /IMPLIB:"C:\Users\Roni A. Koitermaa\Documents\Visual Studio 2013\Projects\LD32\Release\LD32.lib" /MACHINE:X86 /SAFESEH Release\LD32.res
         Release\AI.obj
         Release\Animation.obj
         Release\Collision.obj
         Release\Game.obj
         Release\Load.obj
         Release\PCG.obj
         Release\Input.obj
         Release\Main.obj
         Release\Renderer.obj
         Release\Window.obj
         Generating code
         Finished generating code
         LD32.vcxproj -> C:\Users\Roni A. Koitermaa\Documents\Visual Studio 2013\Projects\LD32\Release\LD32.exe
     1>Done Building Project "C:\Users\Roni A. Koitermaa\Documents\Visual Studio 2013\Projects\LD32\LD32\LD32.vcxproj" (Build target(s)).

Build succeeded.

Time Elapsed 00:00:03.94
