Build started 10.5.2015 15:18:18.
     1>Project "C:\Users\Roni A. Koitermaa\Documents\Visual Studio 2013\Projects\LD32\LD32\LD32.vcxproj" on node 2 (Build target(s)).
     1>ClCompile:
         C:\Program Files (x86)\Microsoft Visual Studio 12.0\VC\bin\CL.exe /c /I"C:\Program Files (x86)\Visual Leak Detector\include" /ZI /nologo /W3 /WX- /sdl /Od /Oy- /D _MBCS /Gm /EHsc /RTC1 /MDd /GS /fp:precise /Zc:wchar_t /Zc:forScope /Fo"Debug\\" /Fd"Debug\vc120.pdb" /Gd /TP /analyze- /errorReport:prompt Src\Game\PCG.cpp
         PCG.cpp
     1>c:\users\roni a. koitermaa\documents\visual studio 2013\projects\ld32\ld32\src\texture.h(31): warning C4018: '<' : signed/unsigned mismatch
     1>c:\users\roni a. koitermaa\documents\visual studio 2013\projects\ld32\ld32\src\texture.h(42): warning C4018: '<' : signed/unsigned mismatch
     1>c:\users\roni a. koitermaa\documents\visual studio 2013\projects\ld32\ld32\src\game\animation.h(23): warning C4018: '<' : signed/unsigned mismatch
     1>c:\users\roni a. koitermaa\documents\visual studio 2013\projects\ld32\ld32\src\game\object.h(51): warning C4244: '=' : conversion from 'int' to 'float', possible loss of data
     1>c:\users\roni a. koitermaa\documents\visual studio 2013\projects\ld32\ld32\src\game\object.h(52): warning C4244: '=' : conversion from 'int' to 'float', possible loss of data
     1>c:\users\roni a. koitermaa\documents\visual studio 2013\projects\ld32\ld32\src\game\object.h(58): warning C4244: '=' : conversion from 'int' to 'float', possible loss of data
     1>c:\users\roni a. koitermaa\documents\visual studio 2013\projects\ld32\ld32\src\game\object.h(59): warning C4244: '=' : conversion from 'int' to 'float', possible loss of data
     1>c:\users\roni a. koitermaa\documents\visual studio 2013\projects\ld32\ld32\src\game\object.h(65): warning C4244: '=' : conversion from 'int' to 'float', possible loss of data
     1>c:\users\roni a. koitermaa\documents\visual studio 2013\projects\ld32\ld32\src\game\object.h(66): warning C4244: '=' : conversion from 'int' to 'float', possible loss of data
     1>c:\users\roni a. koitermaa\documents\visual studio 2013\projects\ld32\ld32\src\game\object.h(105): warning C4244: 'initializing' : conversion from 'int' to 'float', possible loss of data
     1>c:\users\roni a. koitermaa\documents\visual studio 2013\projects\ld32\ld32\src\game\object.h(106): warning C4244: 'initializing' : conversion from 'int' to 'float', possible loss of data
     1>c:\users\roni a. koitermaa\documents\visual studio 2013\projects\ld32\ld32\src\game\game.h(101): warning C4305: '=' : truncation from 'double' to 'float'
     1>c:\users\roni a. koitermaa\documents\visual studio 2013\projects\ld32\ld32\src\game\pcg.cpp(57): warning C4244: 'initializing' : conversion from 'int' to 'float', possible loss of data
     1>c:\users\roni a. koitermaa\documents\visual studio 2013\projects\ld32\ld32\src\game\pcg.cpp(65): warning C4244: '=' : conversion from 'int' to 'float', possible loss of data
     1>c:\users\roni a. koitermaa\documents\visual studio 2013\projects\ld32\ld32\src\game\pcg.cpp(66): warning C4244: '=' : conversion from 'int' to 'float', possible loss of data
     1>c:\users\roni a. koitermaa\documents\visual studio 2013\projects\ld32\ld32\src\game\pcg.cpp(81): warning C4018: '<' : signed/unsigned mismatch
     1>c:\users\roni a. koitermaa\documents\visual studio 2013\projects\ld32\ld32\src\game\pcg.cpp(106): warning C4018: '<' : signed/unsigned mismatch
     1>c:\users\roni a. koitermaa\documents\visual studio 2013\projects\ld32\ld32\src\game\pcg.cpp(143): warning C4018: '<' : signed/unsigned mismatch
     1>c:\users\roni a. koitermaa\documents\visual studio 2013\projects\ld32\ld32\src\game\pcg.cpp(146): warning C4244: 'initializing' : conversion from 'float' to 'int', possible loss of data
     1>c:\users\roni a. koitermaa\documents\visual studio 2013\projects\ld32\ld32\src\game\pcg.cpp(151): warning C4018: '<' : signed/unsigned mismatch
     1>c:\users\roni a. koitermaa\documents\visual studio 2013\projects\ld32\ld32\src\game\pcg.cpp(154): warning C4018: '<' : signed/unsigned mismatch
     1>c:\users\roni a. koitermaa\documents\visual studio 2013\projects\ld32\ld32\src\game\pcg.cpp(156): warning C4244: 'initializing' : conversion from 'float' to 'int', possible loss of data
     1>c:\users\roni a. koitermaa\documents\visual studio 2013\projects\ld32\ld32\src\game\pcg.cpp(161): warning C4018: '<' : signed/unsigned mismatch
     1>c:\users\roni a. koitermaa\documents\visual studio 2013\projects\ld32\ld32\src\game\pcg.cpp(196): warning C4244: 'argument' : conversion from 'float' to 'int', possible loss of data
     1>c:\users\roni a. koitermaa\documents\visual studio 2013\projects\ld32\ld32\src\game\pcg.cpp(198): warning C4244: 'argument' : conversion from 'float' to 'int', possible loss of data
     1>c:\users\roni a. koitermaa\documents\visual studio 2013\projects\ld32\ld32\src\game\pcg.cpp(211): warning C4244: 'argument' : conversion from 'float' to 'int', possible loss of data
     1>c:\users\roni a. koitermaa\documents\visual studio 2013\projects\ld32\ld32\src\game\pcg.cpp(213): warning C4244: 'argument' : conversion from 'float' to 'int', possible loss of data
       Link:
         C:\Program Files (x86)\Microsoft Visual Studio 12.0\VC\bin\link.exe /ERRORREPORT:PROMPT /OUT:"C:\Users\Roni A. Koitermaa\Documents\Visual Studio 2013\Projects\LD32\Debug\LD32.exe" /INCREMENTAL /NOLOGO /LIBPATH:"C:\Program Files (x86)\Visual Leak Detector\lib\Win32" kernel32.lib user32.lib gdi32.lib winspool.lib comdlg32.lib advapi32.lib shell32.lib ole32.lib oleaut32.lib uuid.lib odbc32.lib odbccp32.lib /MANIFEST /MANIFESTUAC:"level='asInvoker' uiAccess='false'" /manifest:embed /DEBUG /PDB:"C:\Users\Roni A. Koitermaa\Documents\Visual Studio 2013\Projects\LD32\Debug\LD32.pdb" /SUBSYSTEM:CONSOLE /TLBID:1 /DYNAMICBASE /NXCOMPAT /IMPLIB:"C:\Users\Roni A. Koitermaa\Documents\Visual Studio 2013\Projects\LD32\Debug\LD32.lib" /MACHINE:X86 Debug\LD32.res
         Debug\AI.obj
         Debug\Animation.obj
         Debug\Collision.obj
         Debug\Game.obj
         Debug\Load.obj
         Debug\PCG.obj
         Debug\Input.obj
         Debug\Main.obj
         Debug\Renderer.obj
         Debug\Window.obj
         LD32.vcxproj -> C:\Users\Roni A. Koitermaa\Documents\Visual Studio 2013\Projects\LD32\Debug\LD32.exe
     1>Done Building Project "C:\Users\Roni A. Koitermaa\Documents\Visual Studio 2013\Projects\LD32\LD32\LD32.vcxproj" (Build target(s)).

Build succeeded.

Time Elapsed 00:00:03.02
